[debug] [2022-07-26T18:04:57.540Z] ----------------------------------------------------------------------
[debug] [2022-07-26T18:04:57.542Z] Command:       /home/stephen/.nvm/versions/node/v16.14.2/bin/node /home/stephen/.nvm/versions/node/v16.14.2/bin/firebase init
[debug] [2022-07-26T18:04:57.542Z] CLI Version:   11.3.0
[debug] [2022-07-26T18:04:57.542Z] Platform:      linux
[debug] [2022-07-26T18:04:57.542Z] Node Version:  v16.14.2
[debug] [2022-07-26T18:04:57.543Z] Time:          Tue Jul 26 2022 12:04:57 GMT-0600 (Mountain Daylight Time)
[debug] [2022-07-26T18:04:57.543Z] ----------------------------------------------------------------------
[debug] 
[debug] [2022-07-26T18:04:57.591Z] > command requires scopes: ["email","openid","https://www.googleapis.com/auth/cloudplatformprojects.readonly","https://www.googleapis.com/auth/firebase","https://www.googleapis.com/auth/cloud-platform"]
[debug] [2022-07-26T18:04:57.591Z] > authorizing via signed-in user (stephen.leander1@gmail.com)
[info] 
     ######## #### ########  ######## ########     ###     ######  ########
     ##        ##  ##     ## ##       ##     ##  ##   ##  ##       ##
     ######    ##  ########  ######   ########  #########  ######  ######
     ##        ##  ##    ##  ##       ##     ## ##     ##       ## ##
     ##       #### ##     ## ######## ########  ##     ##  ######  ########

You're about to initialize a Firebase project in this directory:

  /home/stephen/repos/solo-project-sleander94

Before we get started, keep in mind:

  * You are initializing within an existing Firebase project directory

[debug] [2022-07-26T18:05:10.144Z] Error: setRawMode EIO
    at ReadStream.setRawMode (node:tty:78:31)
    at Interface._setRawMode (node:readline:399:16)
    at Interface.close (node:readline:583:10)
    at ReadStream.ontermend (node:readline:284:10)
    at ReadStream.emit (node:events:538:35)
    at ReadStream.emit (node:domain:475:12)
    at endReadableNT (node:internal/streams/readable:1345:12)
    at processTicksAndRejections (node:internal/process/task_queues:83:21)
[error] 
[error] Error: An unexpected error has occurred.
[debug] [2022-07-26T18:05:10.149Z] Error: write EIO
    at afterWriteDispatched (node:internal/stream_base_commons:160:15)
    at writeGeneric (node:internal/stream_base_commons:151:3)
    at WriteStream.Socket._writeGeneric (node:net:795:11)
    at WriteStream.Socket._write (node:net:807:8)
    at writeOrBuffer (node:internal/streams/writable:389:12)
    at _write (node:internal/streams/writable:330:10)
    at WriteStream.Writable.write (node:internal/streams/writable:334:10)
    at Console.log (/home/stephen/.nvm/versions/node/v16.14.2/lib/node_modules/firebase-tools/node_modules/winston/lib/winston/transports/console.js:79:23)
    at Console._write (/home/stephen/.nvm/versions/node/v16.14.2/lib/node_modules/firebase-tools/node_modules/winston-transport/index.js:103:17)
    at doWrite (/home/stephen/.nvm/versions/node/v16.14.2/lib/node_modules/firebase-tools/node_modules/winston-transport/node_modules/readable-stream/lib/_stream_writable.js:428:64)
    at writeOrBuffer (/home/stephen/.nvm/versions/node/v16.14.2/lib/node_modules/firebase-tools/node_modules/winston-transport/node_modules/readable-stream/lib/_stream_writable.js:417:5)
    at Console.Writable.write (/home/stephen/.nvm/versions/node/v16.14.2/lib/node_modules/firebase-tools/node_modules/winston-transport/node_modules/readable-stream/lib/_stream_writable.js:334:11)
    at DerivedLogger.ondata (/home/stephen/.nvm/versions/node/v16.14.2/lib/node_modules/firebase-tools/node_modules/readable-stream/lib/_stream_readable.js:681:20)
    at DerivedLogger.emit (node:events:538:35)
    at DerivedLogger.emit (node:domain:475:12)
    at addChunk (/home/stephen/.nvm/versions/node/v16.14.2/lib/node_modules/firebase-tools/node_modules/readable-stream/lib/_stream_readable.js:298:12)
[error] 
[error] Error: An unexpected error has occurred.
[debug] [2022-07-26T18:05:10.150Z] Error: write EIO
    at afterWriteDispatched (node:internal/stream_base_commons:160:15)
    at writeGeneric (node:internal/stream_base_commons:151:3)
    at WriteStream.Socket._writeGeneric (node:net:795:11)
    at WriteStream.Socket._write (node:net:807:8)
    at writeOrBuffer (node:internal/streams/writable:389:12)
    at _write (node:internal/streams/writable:330:10)
    at WriteStream.Writable.write (node:internal/streams/writable:334:10)
    at Console.log (/home/stephen/.nvm/versions/node/v16.14.2/lib/node_modules/firebase-tools/node_modules/winston/lib/winston/transports/console.js:79:23)
    at Console._write (/home/stephen/.nvm/versions/node/v16.14.2/lib/node_modules/firebase-tools/node_modules/winston-transport/index.js:103:17)
    at doWrite (/home/stephen/.nvm/versions/node/v16.14.2/lib/node_modules/firebase-tools/node_modules/winston-transport/node_modules/readable-stream/lib/_stream_writable.js:428:64)
    at writeOrBuffer (/home/stephen/.nvm/versions/node/v16.14.2/lib/node_modules/firebase-tools/node_modules/winston-transport/node_modules/readable-stream/lib/_stream_writable.js:417:5)
    at Console.Writable.write (/home/stephen/.nvm/versions/node/v16.14.2/lib/node_modules/firebase-tools/node_modules/winston-transport/node_modules/readable-stream/lib/_stream_writable.js:334:11)
    at DerivedLogger.ondata (/home/stephen/.nvm/versions/node/v16.14.2/lib/node_modules/firebase-tools/node_modules/readable-stream/lib/_stream_readable.js:681:20)
    at DerivedLogger.emit (node:events:538:35)
    at DerivedLogger.emit (node:domain:475:12)
    at addChunk (/home/stephen/.nvm/versions/node/v16.14.2/lib/node_modules/firebase-tools/node_modules/readable-stream/lib/_stream_readable.js:298:12)
[error] 
[error] Error: An unexpected error has occurred.
[debug] [2022-07-26T18:05:10.151Z] Error: write EIO
    at afterWriteDispatched (node:internal/stream_base_commons:160:15)
    at writeGeneric (node:internal/stream_base_commons:151:3)
    at WriteStream.Socket._writeGeneric (node:net:795:11)
    at WriteStream.Socket._write (node:net:807:8)
    at writeOrBuffer (node:internal/streams/writable:389:12)
    at _write (node:internal/streams/writable:330:10)
    at WriteStream.Writable.write (node:internal/streams/writable:334:10)
    at Console.log (/home/stephen/.nvm/versions/node/v16.14.2/lib/node_modules/firebase-tools/node_modules/winston/lib/winston/transports/console.js:79:23)
    at Console._write (/home/stephen/.nvm/versions/node/v16.14.2/lib/node_modules/firebase-tools/node_modules/winston-transport/index.js:103:17)
    at doWrite (/home/stephen/.nvm/versions/node/v16.14.2/lib/node_modules/firebase-tools/node_modules/winston-transport/node_modules/readable-stream/lib/_stream_writable.js:428:64)
    at writeOrBuffer (/home/stephen/.nvm/versions/node/v16.14.2/lib/node_modules/firebase-tools/node_modules/winston-transport/node_modules/readable-stream/lib/_stream_writable.js:417:5)
    at Console.Writable.write (/home/stephen/.nvm/versions/node/v16.14.2/lib/node_modules/firebase-tools/node_modules/winston-transport/node_modules/readable-stream/lib/_stream_writable.js:334:11)
    at DerivedLogger.ondata (/home/stephen/.nvm/versions/node/v16.14.2/lib/node_modules/firebase-tools/node_modules/readable-stream/lib/_stream_readable.js:681:20)
    at DerivedLogger.emit (node:events:538:35)
    at DerivedLogger.emit (node:domain:475:12)
    at addChunk (/home/stephen/.nvm/versions/node/v16.14.2/lib/node_modules/firebase-tools/node_modules/readable-stream/lib/_stream_readable.js:298:12)
[error] 
[error] Error: An unexpected error has occurred.
[debug] [2022-07-26T18:05:10.152Z] Error: write EIO
    at afterWriteDispatched (node:internal/stream_base_commons:160:15)
    at writeGeneric (node:internal/stream_base_commons:151:3)
    at WriteStream.Socket._writeGeneric (node:net:795:11)
    at WriteStream.Socket._write (node:net:807:8)
    at writeOrBuffer (node:internal/streams/writable:389:12)
    at _write (node:internal/streams/writable:330:10)
    at WriteStream.Writable.write (node:internal/streams/writable:334:10)
    at Console.log (/home/stephen/.nvm/versions/node/v16.14.2/lib/node_modules/firebase-tools/node_modules/winston/lib/winston/transports/console.js:79:23)
    at Console._write (/home/stephen/.nvm/versions/node/v16.14.2/lib/node_modules/firebase-tools/node_modules/winston-transport/index.js:103:17)
    at doWrite (/home/stephen/.nvm/versions/node/v16.14.2/lib/node_modules/firebase-tools/node_modules/winston-transport/node_modules/readable-stream/lib/_stream_writable.js:428:64)
    at writeOrBuffer (/home/stephen/.nvm/versions/node/v16.14.2/lib/node_modules/firebase-tools/node_modules/winston-transport/node_modules/readable-stream/lib/_stream_writable.js:417:5)
    at Console.Writable.write (/home/stephen/.nvm/versions/node/v16.14.2/lib/node_modules/firebase-tools/node_modules/winston-transport/node_modules/readable-stream/lib/_stream_writable.js:334:11)
    at DerivedLogger.ondata (/home/stephen/.nvm/versions/node/v16.14.2/lib/node_modules/firebase-tools/node_modules/readable-stream/lib/_stream_readable.js:681:20)
    at DerivedLogger.emit (node:events:538:35)
    at DerivedLogger.emit (node:domain:475:12)
    at addChunk (/home/stephen/.nvm/versions/node/v16.14.2/lib/node_modules/firebase-tools/node_modules/readable-stream/lib/_stream_readable.js:298:12)
[error] 
[error] Error: An unexpected error has occurred.
[debug] [2022-07-26T18:05:10.152Z] Error: write EIO
    at afterWriteDispatched (node:internal/stream_base_commons:160:15)
    at writeGeneric (node:internal/stream_base_commons:151:3)
    at WriteStream.Socket._writeGeneric (node:net:795:11)
    at WriteStream.Socket._write (node:net:807:8)
    at writeOrBuffer (node:internal/streams/writable:389:12)
    at _write (node:internal/streams/writable:330:10)
    at WriteStream.Writable.write (node:internal/streams/writable:334:10)
    at Console.log (/home/stephen/.nvm/versions/node/v16.14.2/lib/node_modules/firebase-tools/node_modules/winston/lib/winston/transports/console.js:79:23)
    at Console._write (/home/stephen/.nvm/versions/node/v16.14.2/lib/node_modules/firebase-tools/node_modules/winston-transport/index.js:103:17)
    at doWrite (/home/stephen/.nvm/versions/node/v16.14.2/lib/node_modules/firebase-tools/node_modules/winston-transport/node_modules/readable-stream/lib/_stream_writable.js:428:64)
    at writeOrBuffer (/home/stephen/.nvm/versions/node/v16.14.2/lib/node_modules/firebase-tools/node_modules/winston-transport/node_modules/readable-stream/lib/_stream_writable.js:417:5)
    at Console.Writable.write (/home/stephen/.nvm/versions/node/v16.14.2/lib/node_modules/firebase-tools/node_modules/winston-transport/node_modules/readable-stream/lib/_stream_writable.js:334:11)
    at DerivedLogger.ondata (/home/stephen/.nvm/versions/node/v16.14.2/lib/node_modules/firebase-tools/node_modules/readable-stream/lib/_stream_readable.js:681:20)
    at DerivedLogger.emit (node:events:538:35)
    at DerivedLogger.emit (node:domain:475:12)
    at addChunk (/home/stephen/.nvm/versions/node/v16.14.2/lib/node_modules/firebase-tools/node_modules/readable-stream/lib/_stream_readable.js:298:12)
[error] 
[error] Error: An unexpected error has occurred.
[debug] [2022-07-26T18:05:10.153Z] Error: write EIO
    at afterWriteDispatched (node:internal/stream_base_commons:160:15)
    at writeGeneric (node:internal/stream_base_commons:151:3)
    at WriteStream.Socket._writeGeneric (node:net:795:11)
    at WriteStream.Socket._write (node:net:807:8)
    at writeOrBuffer (node:internal/streams/writable:389:12)
    at _write (node:internal/streams/writable:330:10)
    at WriteStream.Writable.write (node:internal/streams/writable:334:10)
    at Console.log (/home/stephen/.nvm/versions/node/v16.14.2/lib/node_modules/firebase-tools/node_modules/winston/lib/winston/transports/console.js:79:23)
    at Console._write (/home/stephen/.nvm/versions/node/v16.14.2/lib/node_modules/firebase-tools/node_modules/winston-transport/index.js:103:17)
    at doWrite (/home/stephen/.nvm/versions/node/v16.14.2/lib/node_modules/firebase-tools/node_modules/winston-transport/node_modules/readable-stream/lib/_stream_writable.js:428:64)
    at writeOrBuffer (/home/stephen/.nvm/versions/node/v16.14.2/lib/node_modules/firebase-tools/node_modules/winston-transport/node_modules/readable-stream/lib/_stream_writable.js:417:5)
    at Console.Writable.write (/home/stephen/.nvm/versions/node/v16.14.2/lib/node_modules/firebase-tools/node_modules/winston-transport/node_modules/readable-stream/lib/_stream_writable.js:334:11)
    at DerivedLogger.ondata (/home/stephen/.nvm/versions/node/v16.14.2/lib/node_modules/firebase-tools/node_modules/readable-stream/lib/_stream_readable.js:681:20)
    at DerivedLogger.emit (node:events:538:35)
    at DerivedLogger.emit (node:domain:475:12)
    at addChunk (/home/stephen/.nvm/versions/node/v16.14.2/lib/node_modules/firebase-tools/node_modules/readable-stream/lib/_stream_readable.js:298:12)
[error] 
[error] Error: An unexpected error has occurred.
[debug] [2022-07-26T18:05:10.154Z] Error: write EIO
    at afterWriteDispatched (node:internal/stream_base_commons:160:15)
    at writeGeneric (node:internal/stream_base_commons:151:3)
    at WriteStream.Socket._writeGeneric (node:net:795:11)
    at WriteStream.Socket._write (node:net:807:8)
    at writeOrBuffer (node:internal/streams/writable:389:12)
    at _write (node:internal/streams/writable:330:10)
    at WriteStream.Writable.write (node:internal/streams/writable:334:10)
    at Console.log (/home/stephen/.nvm/versions/node/v16.14.2/lib/node_modules/firebase-tools/node_modules/winston/lib/winston/transports/console.js:79:23)
    at Console._write (/home/stephen/.nvm/versions/node/v16.14.2/lib/node_modules/firebase-tools/node_modules/winston-transport/index.js:103:17)
    at doWrite (/home/stephen/.nvm/versions/node/v16.14.2/lib/node_modules/firebase-tools/node_modules/winston-transport/node_modules/readable-stream/lib/_stream_writable.js:428:64)
    at writeOrBuffer (/home/stephen/.nvm/versions/node/v16.14.2/lib/node_modules/firebase-tools/node_modules/winston-transport/node_modules/readable-stream/lib/_stream_writable.js:417:5)
    at Console.Writable.write (/home/stephen/.nvm/versions/node/v16.14.2/lib/node_modules/firebase-tools/node_modules/winston-transport/node_modules/readable-stream/lib/_stream_writable.js:334:11)
    at DerivedLogger.ondata (/home/stephen/.nvm/versions/node/v16.14.2/lib/node_modules/firebase-tools/node_modules/readable-stream/lib/_stream_readable.js:681:20)
    at DerivedLogger.emit (node:events:538:35)
    at DerivedLogger.emit (node:domain:475:12)
    at addChunk (/home/stephen/.nvm/versions/node/v16.14.2/lib/node_modules/firebase-tools/node_modules/readable-stream/lib/_stream_readable.js:298:12)
[error] 
[error] Error: An unexpected error has occurred.
